$python -m pytest -v tests/pytest_OHC.py

============================= test session starts =============================
platform win32 -- Python 3.11.5, pytest-7.4.0, pluggy-1.0.0 -- C:\Users\Maria\anaconda3\python.exe
cachedir: .pytest_cache
rootdir: C:\Users\�����\Documents\AAA-avito-2023\4_hw
plugins: anyio-3.5.0
collecting ... collected 5 items

tests/pytest_OHC.py::test_empty_input PASSED                             [ 20%]
tests/pytest_OHC.py::test_one_word PASSED                                [ 40%]
tests/pytest_OHC.py::test_multiple_words_as_list PASSED                  [ 60%]
tests/pytest_OHC.py::test_multiple_words_as_args PASSED                  [ 80%]
tests/pytest_OHC.py::test_incorrect_input PASSED                         [100%]

============================== 5 passed in 0.02s ==============================
